<?xml version="1.0" encoding="UTF-8"?>
<!-- Generated by org.testng.reporters.JUnitXMLReporter -->
<testsuite ignored="0" hostname="DESKTOP-9HEQA7S" failures="0" tests="3" name="Test_chrome" time="50.806" errors="0" timestamp="2025-07-30T10:02:05 IST">
  <testcase classname="Testng.NavigateToFB" name="FB" time="23.472"/>
  <testcase classname="Testng.NavigatetoFlipkart" name="Flipkart" time="15.064"/>
  <testcase classname="Testng.NavigateToSwiggy" name="Swiggy" time="12.167"/>
</testsuite> <!-- Test_chrome -->
