<?xml version="1.0" encoding="UTF-8"?>
<!-- Generated by org.testng.reporters.JUnitXMLReporter -->
<testsuite ignored="0" hostname="DESKTOP-9HEQA7S" failures="0" tests="3" name="Test_edge" time="70.642" errors="0" timestamp="2025-07-30T10:02:25 IST">
  <testcase classname="Testng.NavigateToFB" name="FB" time="32.033"/>
  <testcase classname="Testng.NavigatetoFlipkart" name="Flipkart" time="20.262"/>
  <testcase classname="Testng.NavigateToSwiggy" name="Swiggy" time="18.262"/>
</testsuite> <!-- Test_edge -->
