<?xml version="1.0" encoding="UTF-8"?>
<testng-results ignored="0" total="2" passed="2" failed="0" skipped="0">
  <reporter-output>
    <line>
      <![CDATA[BS-connect with the database]]>
    </line>
    <line>
      <![CDATA[BT-configure the parallel execution]]>
    </line>
    <line>
      <![CDATA[BC-Launch the browser]]>
    </line>
    <line>
      <![CDATA[BM-login]]>
    </line>
    <line>
      <![CDATA[modify the product]]>
    </line>
    <line>
      <![CDATA[AM-Logout]]>
    </line>
    <line>
      <![CDATA[BM-login]]>
    </line>
    <line>
      <![CDATA[Create a product]]>
    </line>
    <line>
      <![CDATA[AM-Logout]]>
    </line>
    <line>
      <![CDATA[AF-Quit the browser]]>
    </line>
    <line>
      <![CDATA[AT-close the parallel execution]]>
    </line>
    <line>
      <![CDATA[AS-Disconnect with the database]]>
    </line>
  </reporter-output>
  <suite started-at="2025-08-01T22:47:40 IST" name="Default suite" finished-at="2025-08-01T22:47:40 IST" duration-ms="81">
    <groups>
    </groups>
    <test started-at="2025-08-01T22:47:40 IST" name="Default test" finished-at="2025-08-01T22:47:40 IST" duration-ms="81">
      <class name="Annotations.Utilizing_Baseclass">
        <test-method is-config="true" signature="bs()[pri:0, instance:Annotations.Utilizing_Baseclass@28261e8e]" started-at="2025-08-01T22:47:40 IST" name="bs" finished-at="2025-08-01T22:47:40 IST" duration-ms="19" status="PASS">
          <reporter-output>
            <line>
              <![CDATA[BS-connect with the database]]>
            </line>
          </reporter-output>
        </test-method> <!-- bs -->
        <test-method is-config="true" signature="bt()[pri:0, instance:Annotations.Utilizing_Baseclass@28261e8e]" started-at="2025-08-01T22:47:40 IST" name="bt" finished-at="2025-08-01T22:47:40 IST" duration-ms="1" status="PASS">
          <reporter-output>
            <line>
              <![CDATA[BT-configure the parallel execution]]>
            </line>
          </reporter-output>
        </test-method> <!-- bt -->
        <test-method is-config="true" signature="bc()[pri:0, instance:Annotations.Utilizing_Baseclass@28261e8e]" started-at="2025-08-01T22:47:40 IST" name="bc" finished-at="2025-08-01T22:47:40 IST" duration-ms="1" status="PASS">
          <reporter-output>
            <line>
              <![CDATA[BC-Launch the browser]]>
            </line>
          </reporter-output>
        </test-method> <!-- bc -->
        <test-method is-config="true" signature="bm()[pri:0, instance:Annotations.Utilizing_Baseclass@28261e8e]" started-at="2025-08-01T22:47:40 IST" name="bm" finished-at="2025-08-01T22:47:40 IST" duration-ms="0" status="PASS">
          <reporter-output>
            <line>
              <![CDATA[BM-login]]>
            </line>
          </reporter-output>
        </test-method> <!-- bm -->
        <test-method signature="modify()[pri:0, instance:Annotations.Utilizing_Baseclass@28261e8e]" started-at="2025-08-01T22:47:40 IST" name="modify" finished-at="2025-08-01T22:47:40 IST" duration-ms="5" status="PASS">
          <reporter-output>
            <line>
              <![CDATA[modify the product]]>
            </line>
          </reporter-output>
        </test-method> <!-- modify -->
        <test-method is-config="true" signature="am()[pri:0, instance:Annotations.Utilizing_Baseclass@28261e8e]" started-at="2025-08-01T22:47:40 IST" name="am" finished-at="2025-08-01T22:47:40 IST" duration-ms="0" status="PASS">
          <reporter-output>
            <line>
              <![CDATA[AM-Logout]]>
            </line>
          </reporter-output>
        </test-method> <!-- am -->
        <test-method is-config="true" signature="bm()[pri:0, instance:Annotations.Utilizing_Baseclass@28261e8e]" started-at="2025-08-01T22:47:40 IST" name="bm" finished-at="2025-08-01T22:47:40 IST" duration-ms="1" status="PASS">
          <reporter-output>
            <line>
              <![CDATA[BM-login]]>
            </line>
          </reporter-output>
        </test-method> <!-- bm -->
        <test-method signature="testscript()[pri:0, instance:Annotations.Utilizing_Baseclass@28261e8e]" started-at="2025-08-01T22:47:40 IST" name="testscript" finished-at="2025-08-01T22:47:40 IST" duration-ms="2" status="PASS">
          <reporter-output>
            <line>
              <![CDATA[Create a product]]>
            </line>
          </reporter-output>
        </test-method> <!-- testscript -->
        <test-method is-config="true" signature="am()[pri:0, instance:Annotations.Utilizing_Baseclass@28261e8e]" started-at="2025-08-01T22:47:40 IST" name="am" finished-at="2025-08-01T22:47:40 IST" duration-ms="1" status="PASS">
          <reporter-output>
            <line>
              <![CDATA[AM-Logout]]>
            </line>
          </reporter-output>
        </test-method> <!-- am -->
        <test-method is-config="true" signature="af()[pri:0, instance:Annotations.Utilizing_Baseclass@28261e8e]" started-at="2025-08-01T22:47:40 IST" name="af" finished-at="2025-08-01T22:47:40 IST" duration-ms="1" status="PASS">
          <reporter-output>
            <line>
              <![CDATA[AF-Quit the browser]]>
            </line>
          </reporter-output>
        </test-method> <!-- af -->
        <test-method is-config="true" signature="at()[pri:0, instance:Annotations.Utilizing_Baseclass@28261e8e]" started-at="2025-08-01T22:47:40 IST" name="at" finished-at="2025-08-01T22:47:40 IST" duration-ms="1" status="PASS">
          <reporter-output>
            <line>
              <![CDATA[AT-close the parallel execution]]>
            </line>
          </reporter-output>
        </test-method> <!-- at -->
        <test-method is-config="true" signature="as()[pri:0, instance:Annotations.Utilizing_Baseclass@28261e8e]" started-at="2025-08-01T22:47:40 IST" name="as" finished-at="2025-08-01T22:47:40 IST" duration-ms="0" status="PASS">
          <reporter-output>
            <line>
              <![CDATA[AS-Disconnect with the database]]>
            </line>
          </reporter-output>
        </test-method> <!-- as -->
      </class> <!-- Annotations.Utilizing_Baseclass -->
    </test> <!-- Default test -->
  </suite> <!-- Default suite -->
</testng-results>
